<?xml version="1.0" encoding="UTF-8"?>
<!-- Generated by org.testng.reporters.JUnitReportReporter -->
<testsuite skipped="0" hostname="LAPTOP-N0G0NBDP" name="com.TestNGScripts.MouseOverDemo" tests="1" failures="0" timestamp="27 Aug 2020 23:37:08 GMT" time="4.962" errors="0">
  <testcase name="mouseovermethod" time="4.962" classname="com.TestNGScripts.MouseOverDemo"/>
</testsuite> <!-- com.TestNGScripts.MouseOverDemo -->
