<?xml version="1.0" encoding="UTF-8"?>
<!-- Generated by org.testng.reporters.JUnitReportReporter -->
<testsuite skipped="0" hostname="LAPTOP-N0G0NBDP" name="com.TestNGScripts.KeyEvents" tests="1" failures="0" timestamp="29 Aug 2020 00:55:33 GMT" time="20.954" errors="0">
  <testcase name="Keyevenetsmethod" time="20.954" classname="com.TestNGScripts.KeyEvents"/>
</testsuite> <!-- com.TestNGScripts.KeyEvents -->
